<?xml version="1.0" encoding="UTF-8"?>
<!-- Generated by org.testng.reporters.JUnitXMLReporter -->
<testsuite ignored="0" hostname="DESKTOP-OMC651B" failures="0" tests="6" name="Add Customer Test" time="3.397" errors="0" timestamp="29 Nov 2021 09:17:04 GMT">
  <testcase classname="com.k.testcases.AddCustomerTest" name="addCustomerTest" time="1.569"/>
  <testcase classname="com.k.testcases.AddCustomerTest" name="addCustomerTest" time="0.001">
    <skipped/>
  </testcase> <!-- addCustomerTest -->
  <testcase classname="com.k.testcases.AddCustomerTest" name="addCustomerTest" time="0.512"/>
  <testcase classname="com.k.testcases.AddCustomerTest" name="addCustomerTest" time="0.0">
    <skipped/>
  </testcase> <!-- addCustomerTest -->
  <testcase classname="com.k.testcases.AddCustomerTest" name="addCustomerTest" time="0.47"/>
  <testcase classname="com.k.testcases.AddCustomerTest" name="addCustomerTest" time="0.564"/>
</testsuite> <!-- Add Customer Test -->
