<?xml version="1.0" encoding="UTF-8"?>
<!-- Generated by org.testng.reporters.JUnitXMLReporter -->
<testsuite ignored="0" hostname="DESKTOP-OMC651B" failures="0" tests="6" name="Add Customer Test" time="4.381" errors="0" timestamp="29 Nov 2021 09:09:05 GMT">
  <testcase classname="com.k.testcases.AddCustomerTest" name="addCustomerTest" time="2.392"/>
  <testcase classname="com.k.testcases.AddCustomerTest" name="addCustomerTest" time="0.002">
    <skipped/>
  </testcase> <!-- addCustomerTest -->
  <testcase classname="com.k.testcases.AddCustomerTest" name="addCustomerTest" time="0.545"/>
  <testcase classname="com.k.testcases.AddCustomerTest" name="addCustomerTest" time="0.003">
    <skipped/>
  </testcase> <!-- addCustomerTest -->
  <testcase classname="com.k.testcases.AddCustomerTest" name="addCustomerTest" time="0.644"/>
  <testcase classname="com.k.testcases.AddCustomerTest" name="addCustomerTest" time="0.493"/>
</testsuite> <!-- Add Customer Test -->
