<?xml version="1.0" encoding="UTF-8"?>
<testsuite name="Add Customer Test"
           tests="6"
           failures="0"
           errors="0"
           skipped="2"
           time="4.079">
  <properties />
  
            <testcase name="addCustomerTest" time="0.0" classname="com.k.testcases.AddCustomerTest">
          <skipped />
    </testcase>
            <testcase name="addCustomerTest" time="0.0" classname="com.k.testcases.AddCustomerTest">
          <skipped />
    </testcase>
  
            <testcase name="addCustomerTest" time="2.392" classname="com.k.testcases.AddCustomerTest" />
                <testcase name="addCustomerTest" time="0.493" classname="com.k.testcases.AddCustomerTest" />
                <testcase name="addCustomerTest" time="0.545" classname="com.k.testcases.AddCustomerTest" />
                <testcase name="addCustomerTest" time="0.644" classname="com.k.testcases.AddCustomerTest" />
      
</testsuite>
